# JRE version: OpenJDK Runtime Environment (17.0.11) (build 17.0.11+0--11852314)
# Java VM: OpenJDK 64-Bit Server VM (17.0.11+0--11852314, mixed mode, tiered, compressed oops, compressed class ptrs, g1 gc, windows-amd64)
GC Precious Log:
 CPUs: 12 total, 12 available
 Memory: 16121M
 Large Page Support: Disabled
 NUMA Support: Disabled
 Compressed Oops: Enabled (32-bit)
 Heap Region Size: 1M
 Heap Min Capacity: 256M
 Heap Initial Capacity: 256M
 Heap Max Capacity: 512M
 Pre-touch: Disabled
 Parallel Workers: 10
 Concurrent Workers: 3
 Concurrent Refinement Workers: 10
 Periodic GC: Disabled
Heap:
 garbage-first heap   total 285696K, used 182178K [0x00000000e0000000, 0x0000000100000000)
  region size 1024K, 17 young (17408K), 6 survivors (6144K)
 Metaspace       used 129532K, committed 130624K, reserved 458752K
  class space    used 17447K, committed 17984K, reserved 327680K
GC Heap History (20 events):
Event: 11.337 GC heap before
{Heap before GC invocations=26 (full 0):
 garbage-first heap   total 263168K, used 226375K [0x00000000e0000000, 0x0000000100000000)
  region size 1024K, 76 young (77824K), 2 survivors (2048K)
 Metaspace       used 115443K, committed 116352K, reserved 458752K
  class space    used 15876K, committed 16320K, reserved 327680K
}
Event: 11.339 GC heap after
{Heap after GC invocations=27 (full 0):
 garbage-first heap   total 263168K, used 153995K [0x00000000e0000000, 0x0000000100000000)
  region size 1024K, 5 young (5120K), 5 survivors (5120K)
 Metaspace       used 115443K, committed 116352K, reserved 458752K
  class space    used 15876K, committed 16320K, reserved 327680K
}
Event: 11.364 GC heap before
{Heap before GC invocations=27 (full 0):
 garbage-first heap   total 263168K, used 161163K [0x00000000e0000000, 0x0000000100000000)
  region size 1024K, 12 young (12288K), 5 survivors (5120K)
 Metaspace       used 115443K, committed 116352K, reserved 458752K
  class space    used 15876K, committed 16320K, reserved 327680K
}
Event: 11.366 GC heap after
{Heap after GC invocations=28 (full 0):
 garbage-first heap   total 263168K, used 153808K [0x00000000e0000000, 0x0000000100000000)
  region size 1024K, 1 young (1024K), 1 survivors (1024K)
 Metaspace       used 115443K, committed 116352K, reserved 458752K
  class space    used 15876K, committed 16320K, reserved 327680K
}
Event: 11.549 GC heap before
{Heap before GC invocations=28 (full 0):
 garbage-first heap   total 263168K, used 225488K [0x00000000e0000000, 0x0000000100000000)
  region size 1024K, 71 young (72704K), 1 survivors (1024K)
 Metaspace       used 115459K, committed 116352K, reserved 458752K
  class space    used 15878K, committed 16320K, reserved 327680K
}
Event: 11.551 GC heap after
{Heap after GC invocations=29 (full 0):
 garbage-first heap   total 263168K, used 153702K [0x00000000e0000000, 0x0000000100000000)
  region size 1024K, 1 young (1024K), 1 survivors (1024K)
 Metaspace       used 115459K, committed 116352K, reserved 458752K
  class space    used 15878K, committed 16320K, reserved 327680K
}
Event: 11.753 GC heap before
{Heap before GC invocations=30 (full 0):
 garbage-first heap   total 285696K, used 226406K [0x00000000e0000000, 0x0000000100000000)
  region size 1024K, 72 young (73728K), 1 survivors (1024K)
 Metaspace       used 115506K, committed 116416K, reserved 458752K
  class space    used 15887K, committed 16320K, reserved 327680K
}
Event: 11.754 GC heap after
{Heap after GC invocations=31 (full 0):
 garbage-first heap   total 285696K, used 153827K [0x00000000e0000000, 0x0000000100000000)
  region size 1024K, 1 young (1024K), 1 survivors (1024K)
 Metaspace       used 115506K, committed 116416K, reserved 458752K
  class space    used 15887K, committed 16320K, reserved 327680K
}
Event: 11.788 GC heap before
{Heap before GC invocations=31 (full 0):
 garbage-first heap   total 285696K, used 166115K [0x00000000e0000000, 0x0000000100000000)
  region size 1024K, 13 young (13312K), 1 survivors (1024K)
 Metaspace       used 115507K, committed 116416K, reserved 458752K
  class space    used 15887K, committed 16320K, reserved 327680K
}
Event: 11.789 GC heap after
{Heap after GC invocations=32 (full 0):
 garbage-first heap   total 285696K, used 153363K [0x00000000e0000000, 0x0000000100000000)
  region size 1024K, 1 young (1024K), 1 survivors (1024K)
 Metaspace       used 115507K, committed 116416K, reserved 458752K
  class space    used 15887K, committed 16320K, reserved 327680K
}
Event: 12.299 GC heap before
{Heap before GC invocations=32 (full 0):
 garbage-first heap   total 285696K, used 246547K [0x00000000e0000000, 0x0000000100000000)
  region size 1024K, 88 young (90112K), 1 survivors (1024K)
 Metaspace       used 119433K, committed 120384K, reserved 458752K
  class space    used 16230K, committed 16704K, reserved 327680K
}
Event: 12.302 GC heap after
{Heap after GC invocations=33 (full 0):
 garbage-first heap   total 285696K, used 154154K [0x00000000e0000000, 0x0000000100000000)
  region size 1024K, 4 young (4096K), 4 survivors (4096K)
 Metaspace       used 119433K, committed 120384K, reserved 458752K
  class space    used 16230K, committed 16704K, reserved 327680K
}
Event: 13.243 GC heap before
{Heap before GC invocations=33 (full 0):
 garbage-first heap   total 285696K, used 242218K [0x00000000e0000000, 0x0000000100000000)
  region size 1024K, 90 young (92160K), 4 survivors (4096K)
 Metaspace       used 119994K, committed 120896K, reserved 458752K
  class space    used 16265K, committed 16704K, reserved 327680K
}
Event: 13.247 GC heap after
{Heap after GC invocations=34 (full 0):
 garbage-first heap   total 285696K, used 158695K [0x00000000e0000000, 0x0000000100000000)
  region size 1024K, 8 young (8192K), 8 survivors (8192K)
 Metaspace       used 119994K, committed 120896K, reserved 458752K
  class space    used 16265K, committed 16704K, reserved 327680K
}
Event: 14.440 GC heap before
{Heap before GC invocations=34 (full 0):
 garbage-first heap   total 285696K, used 241639K [0x00000000e0000000, 0x0000000100000000)
  region size 1024K, 90 young (92160K), 8 survivors (8192K)
 Metaspace       used 120545K, committed 121472K, reserved 458752K
  class space    used 16314K, committed 16768K, reserved 327680K
}
Event: 14.445 GC heap after
{Heap after GC invocations=35 (full 0):
 garbage-first heap   total 285696K, used 161620K [0x00000000e0000000, 0x0000000100000000)
  region size 1024K, 8 young (8192K), 8 survivors (8192K)
 Metaspace       used 120545K, committed 121472K, reserved 458752K
  class space    used 16314K, committed 16768K, reserved 327680K
}
Event: 15.853 GC heap before
{Heap before GC invocations=35 (full 0):
 garbage-first heap   total 285696K, used 241492K [0x00000000e0000000, 0x0000000100000000)
  region size 1024K, 87 young (89088K), 8 survivors (8192K)
 Metaspace       used 127773K, committed 128768K, reserved 458752K
  class space    used 17242K, committed 17728K, reserved 327680K
}
Event: 15.858 GC heap after
{Heap after GC invocations=36 (full 0):
 garbage-first heap   total 285696K, used 166806K [0x00000000e0000000, 0x0000000100000000)
  region size 1024K, 11 young (11264K), 11 survivors (11264K)
 Metaspace       used 127773K, committed 128768K, reserved 458752K
  class space    used 17242K, committed 17728K, reserved 327680K
}
Event: 68.153 GC heap before
{Heap before GC invocations=36 (full 0):
 garbage-first heap   total 285696K, used 240534K [0x00000000e0000000, 0x0000000100000000)
  region size 1024K, 84 young (86016K), 11 survivors (11264K)
 Metaspace       used 129448K, committed 130560K, reserved 458752K
  class space    used 17439K, committed 17984K, reserved 327680K
}
Event: 68.159 GC heap after
{Heap after GC invocations=37 (full 0):
 garbage-first heap   total 285696K, used 171938K [0x00000000e0000000, 0x0000000100000000)
  region size 1024K, 6 young (6144K), 6 survivors (6144K)
 Metaspace       used 129448K, committed 130560K, reserved 458752K
  class space    used 17439K, committed 17984K, reserved 327680K
}

