# JRE version: OpenJDK Runtime Environment (17.0.11) (build 17.0.11+0--11852314)
# Java VM: OpenJDK 64-Bit Server VM (17.0.11+0--11852314, mixed mode, tiered, compressed oops, compressed class ptrs, g1 gc, windows-amd64)
GC Precious Log:
 CPUs: 12 total, 12 available
 Memory: 16121M
 Large Page Support: Disabled
 NUMA Support: Disabled
 Compressed Oops: Enabled (32-bit)
 Heap Region Size: 1M
 Heap Min Capacity: 256M
 Heap Initial Capacity: 256M
 Heap Max Capacity: 512M
 Pre-touch: Disabled
 Parallel Workers: 10
 Concurrent Workers: 3
 Concurrent Refinement Workers: 10
 Periodic GC: Disabled
Heap:
 garbage-first heap   total 483328K, used 231613K [0x00000000e0000000, 0x0000000100000000)
  region size 1024K, 4 young (4096K), 3 survivors (3072K)
 Metaspace       used 147311K, committed 148416K, reserved 458752K
  class space    used 20038K, committed 20544K, reserved 327680K
GC Heap History (20 events):
Event: 156.613 GC heap before
{Heap before GC invocations=60 (full 0):
 garbage-first heap   total 471040K, used 358969K [0x00000000e0000000, 0x0000000100000000)
  region size 1024K, 157 young (160768K), 2 survivors (2048K)
 Metaspace       used 117460K, committed 118464K, reserved 458752K
  class space    used 15867K, committed 16320K, reserved 327680K
}
Event: 156.615 GC heap after
{Heap after GC invocations=61 (full 0):
 garbage-first heap   total 471040K, used 202846K [0x00000000e0000000, 0x0000000100000000)
  region size 1024K, 3 young (3072K), 3 survivors (3072K)
 Metaspace       used 117460K, committed 118464K, reserved 458752K
  class space    used 15867K, committed 16320K, reserved 327680K
}
Event: 156.631 GC heap before
{Heap before GC invocations=61 (full 0):
 garbage-first heap   total 471040K, used 222302K [0x00000000e0000000, 0x0000000100000000)
  region size 1024K, 23 young (23552K), 3 survivors (3072K)
 Metaspace       used 117461K, committed 118464K, reserved 458752K
  class space    used 15867K, committed 16320K, reserved 327680K
}
Event: 156.633 GC heap after
{Heap after GC invocations=62 (full 0):
 garbage-first heap   total 471040K, used 200997K [0x00000000e0000000, 0x0000000100000000)
  region size 1024K, 1 young (1024K), 1 survivors (1024K)
 Metaspace       used 117461K, committed 118464K, reserved 458752K
  class space    used 15867K, committed 16320K, reserved 327680K
}
Event: 156.801 GC heap before
{Heap before GC invocations=62 (full 0):
 garbage-first heap   total 471040K, used 411941K [0x00000000e0000000, 0x0000000100000000)
  region size 1024K, 207 young (211968K), 1 survivors (1024K)
 Metaspace       used 117461K, committed 118464K, reserved 458752K
  class space    used 15867K, committed 16320K, reserved 327680K
}
Event: 156.803 GC heap after
{Heap after GC invocations=63 (full 0):
 garbage-first heap   total 483328K, used 202023K [0x00000000e0000000, 0x0000000100000000)
  region size 1024K, 3 young (3072K), 3 survivors (3072K)
 Metaspace       used 117461K, committed 118464K, reserved 458752K
  class space    used 15867K, committed 16320K, reserved 327680K
}
Event: 156.943 GC heap before
{Heap before GC invocations=63 (full 0):
 garbage-first heap   total 483328K, used 249127K [0x00000000e0000000, 0x0000000100000000)
  region size 1024K, 50 young (51200K), 3 survivors (3072K)
 Metaspace       used 117467K, committed 118464K, reserved 458752K
  class space    used 15867K, committed 16320K, reserved 327680K
}
Event: 156.945 GC heap after
{Heap after GC invocations=64 (full 0):
 garbage-first heap   total 483328K, used 199603K [0x00000000e0000000, 0x0000000100000000)
  region size 1024K, 2 young (2048K), 2 survivors (2048K)
 Metaspace       used 117467K, committed 118464K, reserved 458752K
  class space    used 15867K, committed 16320K, reserved 327680K
}
Event: 157.617 GC heap before
{Heap before GC invocations=65 (full 0):
 garbage-first heap   total 483328K, used 424883K [0x00000000e0000000, 0x0000000100000000)
  region size 1024K, 221 young (226304K), 2 survivors (2048K)
 Metaspace       used 117523K, committed 118464K, reserved 458752K
  class space    used 15876K, committed 16320K, reserved 327680K
}
Event: 157.619 GC heap after
{Heap after GC invocations=66 (full 0):
 garbage-first heap   total 483328K, used 199070K [0x00000000e0000000, 0x0000000100000000)
  region size 1024K, 1 young (1024K), 1 survivors (1024K)
 Metaspace       used 117523K, committed 118464K, reserved 458752K
  class space    used 15876K, committed 16320K, reserved 327680K
}
Event: 157.694 GC heap before
{Heap before GC invocations=66 (full 0):
 garbage-first heap   total 483328K, used 220574K [0x00000000e0000000, 0x0000000100000000)
  region size 1024K, 23 young (23552K), 1 survivors (1024K)
 Metaspace       used 117525K, committed 118464K, reserved 458752K
  class space    used 15876K, committed 16320K, reserved 327680K
}
Event: 157.696 GC heap after
{Heap after GC invocations=67 (full 0):
 garbage-first heap   total 483328K, used 196427K [0x00000000e0000000, 0x0000000100000000)
  region size 1024K, 1 young (1024K), 1 survivors (1024K)
 Metaspace       used 117525K, committed 118464K, reserved 458752K
  class space    used 15876K, committed 16320K, reserved 327680K
}
Event: 159.346 GC heap before
{Heap before GC invocations=67 (full 0):
 garbage-first heap   total 483328K, used 438091K [0x00000000e0000000, 0x0000000100000000)
  region size 1024K, 226 young (231424K), 1 survivors (1024K)
 Metaspace       used 132793K, committed 133760K, reserved 458752K
  class space    used 17891K, committed 18368K, reserved 327680K
}
Event: 159.351 GC heap after
{Heap after GC invocations=68 (full 0):
 garbage-first heap   total 483328K, used 217033K [0x00000000e0000000, 0x0000000100000000)
  region size 1024K, 15 young (15360K), 15 survivors (15360K)
 Metaspace       used 132793K, committed 133760K, reserved 458752K
  class space    used 17891K, committed 18368K, reserved 327680K
}
Event: 159.862 GC heap before
{Heap before GC invocations=68 (full 0):
 garbage-first heap   total 483328K, used 290761K [0x00000000e0000000, 0x0000000100000000)
  region size 1024K, 88 young (90112K), 15 survivors (15360K)
 Metaspace       used 135574K, committed 136576K, reserved 458752K
  class space    used 18261K, committed 18688K, reserved 327680K
}
Event: 159.868 GC heap after
{Heap after GC invocations=69 (full 0):
 garbage-first heap   total 483328K, used 222183K [0x00000000e0000000, 0x0000000100000000)
  region size 1024K, 6 young (6144K), 6 survivors (6144K)
 Metaspace       used 135574K, committed 136576K, reserved 458752K
  class space    used 18261K, committed 18688K, reserved 327680K
}
Event: 161.250 GC heap before
{Heap before GC invocations=70 (full 0):
 garbage-first heap   total 483328K, used 410599K [0x00000000e0000000, 0x0000000100000000)
  region size 1024K, 188 young (192512K), 6 survivors (6144K)
 Metaspace       used 147252K, committed 148288K, reserved 458752K
  class space    used 20037K, committed 20544K, reserved 327680K
}
Event: 161.259 GC heap after
{Heap after GC invocations=71 (full 0):
 garbage-first heap   total 483328K, used 231908K [0x00000000e0000000, 0x0000000100000000)
  region size 1024K, 14 young (14336K), 14 survivors (14336K)
 Metaspace       used 147252K, committed 148288K, reserved 458752K
  class space    used 20037K, committed 20544K, reserved 327680K
}
Event: 165.510 GC heap before
{Heap before GC invocations=71 (full 0):
 garbage-first heap   total 483328K, used 240100K [0x00000000e0000000, 0x0000000100000000)
  region size 1024K, 23 young (23552K), 14 survivors (14336K)
 Metaspace       used 147311K, committed 148416K, reserved 458752K
  class space    used 20038K, committed 20544K, reserved 327680K
}
Event: 166.459 GC heap after
{Heap after GC invocations=72 (full 0):
 garbage-first heap   total 483328K, used 231613K [0x00000000e0000000, 0x0000000100000000)
  region size 1024K, 3 young (3072K), 3 survivors (3072K)
 Metaspace       used 147311K, committed 148416K, reserved 458752K
  class space    used 20038K, committed 20544K, reserved 327680K
}

