# JRE version: OpenJDK Runtime Environment (17.0.11) (build 17.0.11+0--11852314)
# Java VM: OpenJDK 64-Bit Server VM (17.0.11+0--11852314, mixed mode, tiered, compressed oops, compressed class ptrs, g1 gc, windows-amd64)
GC Precious Log:
 CPUs: 12 total, 12 available
 Memory: 16121M
 Large Page Support: Disabled
 NUMA Support: Disabled
 Compressed Oops: Enabled (32-bit)
 Heap Region Size: 1M
 Heap Min Capacity: 256M
 Heap Initial Capacity: 256M
 Heap Max Capacity: 512M
 Pre-touch: Disabled
 Parallel Workers: 10
 Concurrent Workers: 3
 Concurrent Refinement Workers: 10
 Periodic GC: Disabled
Heap:
 garbage-first heap   total 265216K, used 120851K [0x00000000e0000000, 0x0000000100000000)
  region size 1024K, 10 young (10240K), 6 survivors (6144K)
 Metaspace       used 110755K, committed 111552K, reserved 458752K
  class space    used 14858K, committed 15232K, reserved 327680K
GC Heap History (20 events):
Event: 7.314 GC heap before
{Heap before GC invocations=13 (full 0):
 garbage-first heap   total 262144K, used 203059K [0x00000000e0000000, 0x0000000100000000)
  region size 1024K, 141 young (144384K), 9 survivors (9216K)
 Metaspace       used 81294K, committed 81856K, reserved 458752K
  class space    used 11070K, committed 11328K, reserved 327680K
}
Event: 7.319 GC heap after
{Heap after GC invocations=14 (full 0):
 garbage-first heap   total 262144K, used 74526K [0x00000000e0000000, 0x0000000100000000)
  region size 1024K, 15 young (15360K), 15 survivors (15360K)
 Metaspace       used 81294K, committed 81856K, reserved 458752K
  class space    used 11070K, committed 11328K, reserved 327680K
}
Event: 8.422 GC heap before
{Heap before GC invocations=14 (full 0):
 garbage-first heap   total 262144K, used 206622K [0x00000000e0000000, 0x0000000100000000)
  region size 1024K, 144 young (147456K), 15 survivors (15360K)
 Metaspace       used 91911K, committed 92608K, reserved 458752K
  class space    used 12643K, committed 12928K, reserved 327680K
}
Event: 8.430 GC heap after
{Heap after GC invocations=15 (full 0):
 garbage-first heap   total 262144K, used 81751K [0x00000000e0000000, 0x0000000100000000)
  region size 1024K, 15 young (15360K), 15 survivors (15360K)
 Metaspace       used 91911K, committed 92608K, reserved 458752K
  class space    used 12643K, committed 12928K, reserved 327680K
}
Event: 9.516 GC heap before
{Heap before GC invocations=15 (full 0):
 garbage-first heap   total 262144K, used 212823K [0x00000000e0000000, 0x0000000100000000)
  region size 1024K, 139 young (142336K), 15 survivors (15360K)
 Metaspace       used 97058K, committed 97856K, reserved 458752K
  class space    used 13376K, committed 13760K, reserved 327680K
}
Event: 9.525 GC heap after
{Heap after GC invocations=16 (full 0):
 garbage-first heap   total 262144K, used 90723K [0x00000000e0000000, 0x0000000100000000)
  region size 1024K, 16 young (16384K), 16 survivors (16384K)
 Metaspace       used 97058K, committed 97856K, reserved 458752K
  class space    used 13376K, committed 13760K, reserved 327680K
}
Event: 10.905 GC heap before
{Heap before GC invocations=16 (full 0):
 garbage-first heap   total 262144K, used 218723K [0x00000000e0000000, 0x0000000100000000)
  region size 1024K, 126 young (129024K), 16 survivors (16384K)
 Metaspace       used 99740K, committed 100416K, reserved 458752K
  class space    used 13624K, committed 13952K, reserved 327680K
}
Event: 10.921 GC heap after
{Heap after GC invocations=17 (full 0):
 garbage-first heap   total 265216K, used 120658K [0x00000000e0000000, 0x0000000100000000)
  region size 1024K, 17 young (17408K), 17 survivors (17408K)
 Metaspace       used 99740K, committed 100416K, reserved 458752K
  class space    used 13624K, committed 13952K, reserved 327680K
}
Event: 11.345 GC heap before
{Heap before GC invocations=18 (full 0):
 garbage-first heap   total 265216K, used 214866K [0x00000000e0000000, 0x0000000100000000)
  region size 1024K, 93 young (95232K), 17 survivors (17408K)
 Metaspace       used 101680K, committed 102528K, reserved 458752K
  class space    used 13802K, committed 14208K, reserved 327680K
}
Event: 11.355 GC heap after
{Heap after GC invocations=19 (full 0):
 garbage-first heap   total 265216K, used 132519K [0x00000000e0000000, 0x0000000100000000)
  region size 1024K, 10 young (10240K), 10 survivors (10240K)
 Metaspace       used 101680K, committed 102528K, reserved 458752K
  class space    used 13802K, committed 14208K, reserved 327680K
}
Event: 11.363 GC heap before
{Heap before GC invocations=19 (full 0):
 garbage-first heap   total 265216K, used 133543K [0x00000000e0000000, 0x0000000100000000)
  region size 1024K, 12 young (12288K), 10 survivors (10240K)
 Metaspace       used 101849K, committed 102656K, reserved 458752K
  class space    used 13816K, committed 14208K, reserved 327680K
}
Event: 11.367 GC heap after
{Heap after GC invocations=20 (full 0):
 garbage-first heap   total 265216K, used 134281K [0x00000000e0000000, 0x0000000100000000)
  region size 1024K, 2 young (2048K), 2 survivors (2048K)
 Metaspace       used 101849K, committed 102656K, reserved 458752K
  class space    used 13816K, committed 14208K, reserved 327680K
}
Event: 11.589 GC heap before
{Heap before GC invocations=20 (full 0):
 garbage-first heap   total 265216K, used 204937K [0x00000000e0000000, 0x0000000100000000)
  region size 1024K, 72 young (73728K), 2 survivors (2048K)
 Metaspace       used 103749K, committed 104512K, reserved 458752K
  class space    used 13998K, committed 14400K, reserved 327680K
}
Event: 11.592 GC heap after
{Heap after GC invocations=21 (full 0):
 garbage-first heap   total 265216K, used 137135K [0x00000000e0000000, 0x0000000100000000)
  region size 1024K, 5 young (5120K), 5 survivors (5120K)
 Metaspace       used 103749K, committed 104512K, reserved 458752K
  class space    used 13998K, committed 14400K, reserved 327680K
}
Event: 12.116 GC heap before
{Heap before GC invocations=22 (full 0):
 garbage-first heap   total 265216K, used 192431K [0x00000000e0000000, 0x0000000100000000)
  region size 1024K, 76 young (77824K), 5 survivors (5120K)
 Metaspace       used 105302K, committed 106112K, reserved 458752K
  class space    used 14148K, committed 14528K, reserved 327680K
}
Event: 12.121 GC heap after
{Heap after GC invocations=23 (full 0):
 garbage-first heap   total 265216K, used 119860K [0x00000000e0000000, 0x0000000100000000)
  region size 1024K, 6 young (6144K), 6 survivors (6144K)
 Metaspace       used 105302K, committed 106112K, reserved 458752K
  class space    used 14148K, committed 14528K, reserved 327680K
}
Event: 12.165 GC heap before
{Heap before GC invocations=23 (full 0):
 garbage-first heap   total 265216K, used 124980K [0x00000000e0000000, 0x0000000100000000)
  region size 1024K, 12 young (12288K), 6 survivors (6144K)
 Metaspace       used 105433K, committed 106240K, reserved 458752K
  class space    used 14162K, committed 14528K, reserved 327680K
}
Event: 12.169 GC heap after
{Heap after GC invocations=24 (full 0):
 garbage-first heap   total 265216K, used 112874K [0x00000000e0000000, 0x0000000100000000)
  region size 1024K, 2 young (2048K), 2 survivors (2048K)
 Metaspace       used 105433K, committed 106240K, reserved 458752K
  class space    used 14162K, committed 14528K, reserved 327680K
}
Event: 13.322 GC heap before
{Heap before GC invocations=24 (full 0):
 garbage-first heap   total 265216K, used 206058K [0x00000000e0000000, 0x0000000100000000)
  region size 1024K, 94 young (96256K), 2 survivors (2048K)
 Metaspace       used 110688K, committed 111488K, reserved 458752K
  class space    used 14850K, committed 15232K, reserved 327680K
}
Event: 13.326 GC heap after
{Heap after GC invocations=25 (full 0):
 garbage-first heap   total 265216K, used 117779K [0x00000000e0000000, 0x0000000100000000)
  region size 1024K, 6 young (6144K), 6 survivors (6144K)
 Metaspace       used 110688K, committed 111488K, reserved 458752K
  class space    used 14850K, committed 15232K, reserved 327680K
}

